Using pre-set license

 COMMAND LINE ARGUMENTS:
/Applications/Unity/Hub/Editor/2020.2.3f1/Unity.app/Contents/MacOS/Unity
-adb2
-batchMode
-noUpm
-name
AssetImportWorker0
-projectPath
/Users/kallecarmback/Documents/GAMES/UNITY PROJECTS/I-EN-STAD-MEMORYv2
-logFile
Logs/AssetImportWorker0.log
-srvPort
55938
Successfully changed project path to: /Users/kallecarmback/Documents/GAMES/UNITY PROJECTS/I-EN-STAD-MEMORYv2
/Users/kallecarmback/Documents/GAMES/UNITY PROJECTS/I-EN-STAD-MEMORYv2
Using Asset Import Pipeline V2.
Refreshing native plugins compatible for Editor in 39.29 ms, found 2 plugins.
Preloading 0 native plugins for Editor in 0.00 ms.
Initialize engine version: 2020.2.3f1 (8ff31bc5bf5b)
[Subsystems] Discovering subsystems at path /Applications/Unity/Hub/Editor/2020.2.3f1/Unity.app/Contents/Resources/UnitySubsystems
[Subsystems] Discovering subsystems at path /Users/kallecarmback/Documents/GAMES/UNITY PROJECTS/I-EN-STAD-MEMORYv2/Assets
GfxDevice: creating device client; threaded=0
2021-08-07 14:12:47.346 Unity[11055:548522] Color LCD preferred device: Intel(R) UHD Graphics 630 (low power)
2021-08-07 14:12:47.346 Unity[11055:548522] Metal devices available: 2
2021-08-07 14:12:47.346 Unity[11055:548522] 0: AMD Radeon Pro 560X (high power)
2021-08-07 14:12:47.346 Unity[11055:548522] 1: Intel(R) UHD Graphics 630 (low power)
2021-08-07 14:12:47.346 Unity[11055:548522] Using device AMD Radeon Pro 560X (high power)
Initializing Metal device caps: AMD Radeon Pro 560X
Initialize mono
Mono path[0] = '/Applications/Unity/Hub/Editor/2020.2.3f1/Unity.app/Contents/Managed'
Mono path[1] = '/Applications/Unity/Hub/Editor/2020.2.3f1/Unity.app/Contents/MonoBleedingEdge/lib/mono/unityjit'
Mono config path = '/Applications/Unity/Hub/Editor/2020.2.3f1/Unity.app/Contents/MonoBleedingEdge/etc'
Using monoOptions --debugger-agent=transport=dt_socket,embedding=1,server=y,suspend=n,address=127.0.0.1:56055
Begin MonoManager ReloadAssembly
Registering precompiled unity dll's ...
Register platform support module: /Applications/Unity/Hub/Editor/2020.2.3f1/Unity.app/Contents/PlaybackEngines/MacStandaloneSupport/UnityEditor.OSXStandalone.Extensions.dll
Register platform support module: /Applications/Unity/Hub/Editor/2020.2.3f1/PlaybackEngines/WindowsStandaloneSupport/UnityEditor.WindowsStandalone.Extensions.dll
Registered in 0.001694 seconds.
Native extension for WindowsStandalone target not found
Native extension for OSXStandalone target not found
Refreshing native plugins compatible for Editor in 33.38 ms, found 2 plugins.
Preloading 0 native plugins for Editor in 0.00 ms.
Invoked RoslynAnalysisRunner static constructor.
RoslynAnalysisRunner will not be running.
RoslynAnalysisRunner has terminated.
Mono: successfully reloaded assembly
- Completed reload, in  1.752 seconds
Platform modules already initialized, skipping
Registering precompiled user dll's ...
Registered in 0.000900 seconds.
Begin MonoManager ReloadAssembly
Native extension for WindowsStandalone target not found
Native extension for OSXStandalone target not found
Refreshing native plugins compatible for Editor in 33.67 ms, found 2 plugins.
Preloading 0 native plugins for Editor in 0.00 ms.
Invoked RoslynAnalysisRunner static constructor.
RoslynAnalysisRunner will not be running.
RoslynAnalysisRunner has terminated.
Mono: successfully reloaded assembly
- Completed reload, in  0.967 seconds
Platform modules already initialized, skipping
========================================================================
Worker process is ready to serve import requests
Launching external process: /Applications/Unity/Hub/Editor/2020.2.3f1/Unity.app/Contents/Tools/UnityShaderCompiler
Launched and connected shader compiler UnityShaderCompiler after 0.01 seconds
Refreshing native plugins compatible for Editor in 0.34 ms, found 2 plugins.
Preloading 0 native plugins for Editor in 0.00 ms.
Unloading 1793 Unused Serialized files (Serialized files now loaded: 0)
System memory in use before: 146.2 MB.
System memory in use after: 146.3 MB.

Unloading 19 unused Assets to reduce memory usage. Loaded Objects now: 2240.
Total: 2.614081 ms (FindLiveObjects: 0.263462 ms CreateObjectMapping: 0.110995 ms MarkObjects: 2.155146 ms  DeleteObjects: 0.083092 ms)

========================================================================
Received Import Request.
  path: Assets/Scenes/Game.unity
  artifactKey: Guid(19e9876036a2f474ca03ec000cc7a511) Importer(815301076,1909f56bfc062723c751e8b465ee728b)
Start importing Assets/Scenes/Game.unity using Guid(19e9876036a2f474ca03ec000cc7a511) Importer(815301076,1909f56bfc062723c751e8b465ee728b)  -> (artifact id: '316eac05e1909c483b8bfb6fd5ad89fd') in 0.020918 seconds
  Import took 0.027048 seconds .

========================================================================
Received Prepare
Refreshing native plugins compatible for Editor in 1.42 ms, found 2 plugins.
Preloading 0 native plugins for Editor in 0.00 ms.
Unloading 5 Unused Serialized files (Serialized files now loaded: 0)
System memory in use before: 109.9 MB.
System memory in use after: 110.0 MB.

Unloading 5 unused Assets to reduce memory usage. Loaded Objects now: 2240.
Total: 2.215689 ms (FindLiveObjects: 0.230372 ms CreateObjectMapping: 0.081421 ms MarkObjects: 1.885882 ms  DeleteObjects: 0.016848 ms)

========================================================================
Received Prepare
Registering precompiled user dll's ...
Registered in 0.001199 seconds.
Begin MonoManager ReloadAssembly
Native extension for WindowsStandalone target not found
Native extension for OSXStandalone target not found
Refreshing native plugins compatible for Editor in 0.47 ms, found 2 plugins.
Preloading 0 native plugins for Editor in 0.00 ms.
Invoked RoslynAnalysisRunner static constructor.
RoslynAnalysisRunner will not be running.
RoslynAnalysisRunner has terminated.
Mono: successfully reloaded assembly
- Completed reload, in  1.035 seconds
Platform modules already initialized, skipping
Refreshing native plugins compatible for Editor in 0.37 ms, found 2 plugins.
Preloading 0 native plugins for Editor in 0.00 ms.
Unloading 1771 Unused Serialized files (Serialized files now loaded: 0)
System memory in use before: 145.9 MB.
System memory in use after: 146.0 MB.

Unloading 7 unused Assets to reduce memory usage. Loaded Objects now: 2243.
Total: 2.768684 ms (FindLiveObjects: 0.355586 ms CreateObjectMapping: 0.057673 ms MarkObjects: 2.335428 ms  DeleteObjects: 0.019236 ms)

========================================================================
Received Prepare
Refreshing native plugins compatible for Editor in 1.07 ms, found 2 plugins.
Preloading 0 native plugins for Editor in 0.00 ms.
Unloading 5 Unused Serialized files (Serialized files now loaded: 0)
System memory in use before: 111.1 MB.
System memory in use after: 111.3 MB.

Unloading 5 unused Assets to reduce memory usage. Loaded Objects now: 2243.
Total: 1.777608 ms (FindLiveObjects: 0.285760 ms CreateObjectMapping: 0.058065 ms MarkObjects: 1.416578 ms  DeleteObjects: 0.016550 ms)

========================================================================
Received Prepare
Refreshing native plugins compatible for Editor in 0.97 ms, found 2 plugins.
Preloading 0 native plugins for Editor in 0.00 ms.
Unloading 5 Unused Serialized files (Serialized files now loaded: 0)
System memory in use before: 111.5 MB.
System memory in use after: 111.6 MB.

Unloading 5 unused Assets to reduce memory usage. Loaded Objects now: 2243.
Total: 1.794028 ms (FindLiveObjects: 0.210785 ms CreateObjectMapping: 0.062359 ms MarkObjects: 1.507034 ms  DeleteObjects: 0.012435 ms)

