Using pre-set license
Built from '2021.3/staging' branch; Version is '2021.3.5f1 (40eb3a945986) revision 4254522'; Using compiler version '192829333'; Build Type 'Release'
OS: 'Windows 10  (10.0.19044) 64bit Core' Language: 'sv' Physical Memory: 16282 MB
BatchMode: 1, IsHumanControllingUs: 0, StartBugReporterOnCrash: 0, Is64bit: 1, IsPro: 1

COMMAND LINE ARGUMENTS:
D:\UNITY\Installs\2021.3.5f1\Editor\Unity.exe
-adb2
-batchMode
-noUpm
-name
AssetImportWorker1
-projectPath
D:/UNITY/GitProjects/I-EN-STAD-MEMORYv2
-logFile
Logs/AssetImportWorker1.log
-srvPort
52618
Successfully changed project path to: D:/UNITY/GitProjects/I-EN-STAD-MEMORYv2
D:/UNITY/GitProjects/I-EN-STAD-MEMORYv2
[UnityMemory] Configuration Parameters - Can be set up in boot.config
    "memorysetup-bucket-allocator-granularity=16"
    "memorysetup-bucket-allocator-bucket-count=8"
    "memorysetup-bucket-allocator-block-size=33554432"
    "memorysetup-bucket-allocator-block-count=8"
    "memorysetup-main-allocator-block-size=16777216"
    "memorysetup-thread-allocator-block-size=16777216"
    "memorysetup-gfx-main-allocator-block-size=16777216"
    "memorysetup-gfx-thread-allocator-block-size=16777216"
    "memorysetup-cache-allocator-block-size=4194304"
    "memorysetup-typetree-allocator-block-size=2097152"
    "memorysetup-profiler-bucket-allocator-granularity=16"
    "memorysetup-profiler-bucket-allocator-bucket-count=8"
    "memorysetup-profiler-bucket-allocator-block-size=33554432"
    "memorysetup-profiler-bucket-allocator-block-count=8"
    "memorysetup-profiler-allocator-block-size=16777216"
    "memorysetup-profiler-editor-allocator-block-size=1048576"
    "memorysetup-temp-allocator-size-main=16777216"
    "memorysetup-job-temp-allocator-block-size=2097152"
    "memorysetup-job-temp-allocator-block-size-background=1048576"
    "memorysetup-job-temp-allocator-reduction-small-platforms=262144"
    "memorysetup-temp-allocator-size-background-worker=32768"
    "memorysetup-temp-allocator-size-job-worker=262144"
    "memorysetup-temp-allocator-size-preload-manager=33554432"
    "memorysetup-temp-allocator-size-nav-mesh-worker=65536"
    "memorysetup-temp-allocator-size-audio-worker=65536"
    "memorysetup-temp-allocator-size-cloud-worker=32768"
    "memorysetup-temp-allocator-size-gi-baking-worker=262144"
    "memorysetup-temp-allocator-size-gfx=262144"
Refreshing native plugins compatible for Editor in 41.34 ms, found 3 plugins.
Preloading 0 native plugins for Editor in 0.00 ms.
Initialize engine version: 2021.3.5f1 (40eb3a945986)
[Subsystems] Discovering subsystems at path D:/UNITY/Installs/2021.3.5f1/Editor/Data/Resources/UnitySubsystems
[Subsystems] Discovering subsystems at path D:/UNITY/GitProjects/I-EN-STAD-MEMORYv2/Assets
GfxDevice: creating device client; threaded=0; jobified=0
Direct3D:
    Version:  Direct3D 11.0 [level 11.1]
    Renderer: NVIDIA GeForce GTX 1660 Ti (ID=0x2191)
    Vendor:   NVIDIA
    VRAM:     5991 MB
    Driver:   30.0.14.9676
Initialize mono
Mono path[0] = 'D:/UNITY/Installs/2021.3.5f1/Editor/Data/Managed'
Mono path[1] = 'D:/UNITY/Installs/2021.3.5f1/Editor/Data/MonoBleedingEdge/lib/mono/unityjit-win32'
Mono config path = 'D:/UNITY/Installs/2021.3.5f1/Editor/Data/MonoBleedingEdge/etc'
Using monoOptions --debugger-agent=transport=dt_socket,embedding=1,server=y,suspend=n,address=127.0.0.1:56672
Begin MonoManager ReloadAssembly
Registering precompiled unity dll's ...
Register platform support module: D:/UNITY/Installs/2021.3.5f1/Editor/Data/PlaybackEngines/AndroidPlayer/UnityEditor.Android.Extensions.dll
Register platform support module: D:/UNITY/Installs/2021.3.5f1/Editor/Data/PlaybackEngines/iOSSupport/UnityEditor.iOS.Extensions.dll
Register platform support module: D:/UNITY/Installs/2021.3.5f1/Editor/Data/PlaybackEngines/WindowsStandaloneSupport/UnityEditor.WindowsStandalone.Extensions.dll
Registered in 0.003862 seconds.
Native extension for WindowsStandalone target not found
[usbmuxd] Start listen thread
[usbmuxd] Listen thread started
Native extension for iOS target not found
Native extension for Android target not found
Refreshing native plugins compatible for Editor in 47.72 ms, found 3 plugins.
Preloading 0 native plugins for Editor in 0.00 ms.
Mono: successfully reloaded assembly
- Completed reload, in  0.573 seconds
Domain Reload Profiling:
	ReloadAssembly (574ms)
		BeginReloadAssembly (62ms)
			ExecutionOrderSort (0ms)
			DisableScriptedObjects (0ms)
			BackupInstance (0ms)
			ReleaseScriptingObjects (0ms)
			CreateAndSetChildDomain (1ms)
		EndReloadAssembly (415ms)
			LoadAssemblies (62ms)
			RebuildTransferFunctionScriptingTraits (0ms)
			SetupTypeCache (102ms)
			ReleaseScriptCaches (0ms)
			RebuildScriptCaches (27ms)
			SetupLoadedEditorAssemblies (235ms)
				LogAssemblyErrors (0ms)
				InitializePlatformSupportModulesInManaged (57ms)
				SetLoadedEditorAssemblies (0ms)
				RefreshPlugins (48ms)
				BeforeProcessingInitializeOnLoad (2ms)
				ProcessInitializeOnLoadAttributes (86ms)
				ProcessInitializeOnLoadMethodAttributes (42ms)
				AfterProcessingInitializeOnLoad (0ms)
				EditorAssembliesLoaded (0ms)
			ExecutionOrderSort2 (0ms)
			AwakeInstancesAfterBackupRestoration (0ms)
Platform modules already initialized, skipping
Registering precompiled user dll's ...
Registered in 0.004151 seconds.
Begin MonoManager ReloadAssembly
Native extension for WindowsStandalone target not found
Native extension for iOS target not found
Native extension for Android target not found
Refreshing native plugins compatible for Editor in 37.88 ms, found 3 plugins.
Preloading 0 native plugins for Editor in 0.00 ms.
Mono: successfully reloaded assembly
- Completed reload, in  1.043 seconds
Domain Reload Profiling:
	ReloadAssembly (1044ms)
		BeginReloadAssembly (219ms)
			ExecutionOrderSort (0ms)
			DisableScriptedObjects (6ms)
			BackupInstance (0ms)
			ReleaseScriptingObjects (0ms)
			CreateAndSetChildDomain (134ms)
		EndReloadAssembly (722ms)
			LoadAssemblies (71ms)
			RebuildTransferFunctionScriptingTraits (0ms)
			SetupTypeCache (195ms)
			ReleaseScriptCaches (1ms)
			RebuildScriptCaches (47ms)
			SetupLoadedEditorAssemblies (366ms)
				LogAssemblyErrors (0ms)
				InitializePlatformSupportModulesInManaged (23ms)
				SetLoadedEditorAssemblies (0ms)
				RefreshPlugins (38ms)
				BeforeProcessingInitializeOnLoad (59ms)
				ProcessInitializeOnLoadAttributes (202ms)
				ProcessInitializeOnLoadMethodAttributes (40ms)
				AfterProcessingInitializeOnLoad (3ms)
				EditorAssembliesLoaded (0ms)
			ExecutionOrderSort2 (0ms)
			AwakeInstancesAfterBackupRestoration (5ms)
Platform modules already initialized, skipping
========================================================================
Worker process is ready to serve import requests
Launched and connected shader compiler UnityShaderCompiler.exe after 0.06 seconds
Refreshing native plugins compatible for Editor in 0.61 ms, found 3 plugins.
Preloading 0 native plugins for Editor in 0.00 ms.
Unloading 2492 Unused Serialized files (Serialized files now loaded: 0)
Unloading 33 unused Assets / (55.3 KB). Loaded Objects now: 2954.
Memory consumption went from 111.4 MB to 111.3 MB.
Total: 3.778200 ms (FindLiveObjects: 0.285300 ms CreateObjectMapping: 0.158900 ms MarkObjects: 3.251500 ms  DeleteObjects: 0.081700 ms)

AssetImportParameters requested are different than current active one (requested -> active):
  custom:video-decoder-ogg-theora: a1e56fd34408186e4bbccfd4996cb3dc -> 
  custom:container-muxer-webm: aa71ff27fc2769a1b78a27578f13a17b -> 
  custom:container-demuxer-webm: 4f35f7cbe854078d1ac9338744f61a02 -> 
  custom:video-encoder-webm-vp8: eb34c28f22e8b96e1ab97ce403110664 -> 
  custom:audio-encoder-webm-vorbis: bf7c407c2cedff20999df2af8eb42d56 -> 
  custom:framework-win-MediaFoundation: 216162199b28c13a410421893ffa2e32 -> 
  custom:container-demuxer-ogg: 62fdf1f143b41e24485cea50d1cbac27 -> 
  custom:video-decoder-webm-vp8: 9c59270c3fd7afecdb556c50c9e8de78 -> 
  custom:audio-decoder-ogg-vorbis: bf7c407c2cedff20999df2af8eb42d56 -> 
========================================================================
Received Import Request.
  Time since last request: 2225728.406464 seconds.
  path: Assets/Scenes
  artifactKey: Guid(eb14f25e707c7449eb8c8b12ff1e2250) Importer(815301076,1909f56bfc062723c751e8b465ee728b)
Start importing Assets/Scenes using Guid(eb14f25e707c7449eb8c8b12ff1e2250) Importer(815301076,1909f56bfc062723c751e8b465ee728b)  -> (artifact id: 'f96a946a08cc3034e9b710b627318df3') in 0.009682 seconds 
========================================================================
Received Prepare
Registering precompiled user dll's ...
Registered in 0.005035 seconds.
Begin MonoManager ReloadAssembly
Native extension for WindowsStandalone target not found
Native extension for iOS target not found
Native extension for Android target not found
Refreshing native plugins compatible for Editor in 0.53 ms, found 3 plugins.
Preloading 0 native plugins for Editor in 0.00 ms.
Mono: successfully reloaded assembly
- Completed reload, in  0.956 seconds
Domain Reload Profiling:
	ReloadAssembly (956ms)
		BeginReloadAssembly (127ms)
			ExecutionOrderSort (0ms)
			DisableScriptedObjects (7ms)
			BackupInstance (0ms)
			ReleaseScriptingObjects (0ms)
			CreateAndSetChildDomain (37ms)
		EndReloadAssembly (735ms)
			LoadAssemblies (80ms)
			RebuildTransferFunctionScriptingTraits (0ms)
			SetupTypeCache (224ms)
			ReleaseScriptCaches (1ms)
			RebuildScriptCaches (40ms)
			SetupLoadedEditorAssemblies (341ms)
				LogAssemblyErrors (0ms)
				InitializePlatformSupportModulesInManaged (30ms)
				SetLoadedEditorAssemblies (1ms)
				RefreshPlugins (1ms)
				BeforeProcessingInitializeOnLoad (65ms)
				ProcessInitializeOnLoadAttributes (203ms)
				ProcessInitializeOnLoadMethodAttributes (37ms)
				AfterProcessingInitializeOnLoad (4ms)
				EditorAssembliesLoaded (0ms)
			ExecutionOrderSort2 (0ms)
			AwakeInstancesAfterBackupRestoration (11ms)
Platform modules already initialized, skipping
Refreshing native plugins compatible for Editor in 1.70 ms, found 3 plugins.
Preloading 0 native plugins for Editor in 0.00 ms.
Unloading 2470 Unused Serialized files (Serialized files now loaded: 0)
Unloading 20 unused Assets / (24.7 KB). Loaded Objects now: 2957.
Memory consumption went from 109.5 MB to 109.5 MB.
Total: 4.114100 ms (FindLiveObjects: 0.186900 ms CreateObjectMapping: 0.090500 ms MarkObjects: 3.820300 ms  DeleteObjects: 0.015500 ms)

AssetImportParameters requested are different than current active one (requested -> active):
  custom:video-decoder-ogg-theora: a1e56fd34408186e4bbccfd4996cb3dc -> 
  custom:container-muxer-webm: aa71ff27fc2769a1b78a27578f13a17b -> 
  custom:container-demuxer-webm: 4f35f7cbe854078d1ac9338744f61a02 -> 
  custom:video-encoder-webm-vp8: eb34c28f22e8b96e1ab97ce403110664 -> 
  custom:audio-encoder-webm-vorbis: bf7c407c2cedff20999df2af8eb42d56 -> 
  custom:framework-win-MediaFoundation: 216162199b28c13a410421893ffa2e32 -> 
  custom:container-demuxer-ogg: 62fdf1f143b41e24485cea50d1cbac27 -> 
  custom:video-decoder-webm-vp8: 9c59270c3fd7afecdb556c50c9e8de78 -> 
  custom:audio-decoder-ogg-vorbis: bf7c407c2cedff20999df2af8eb42d56 -> 
========================================================================
Received Import Request.
  Time since last request: 335.774924 seconds.
  path: Assets/Prefabs/MainMenu.prefab
  artifactKey: Guid(127dddaafc852489db28266b2818be38) Importer(815301076,1909f56bfc062723c751e8b465ee728b)
Start importing Assets/Prefabs/MainMenu.prefab using Guid(127dddaafc852489db28266b2818be38) Importer(815301076,1909f56bfc062723c751e8b465ee728b)  -> (artifact id: '90fd950b3a2763a85484bdaa55fbc889') in 0.054514 seconds 
========================================================================
Received Import Request.
  Time since last request: 0.000018 seconds.
  path: Assets/Prefabs/Puzzle Button.prefab
  artifactKey: Guid(25085a9972ce84709af0ae056f5622ae) Importer(815301076,1909f56bfc062723c751e8b465ee728b)
Start importing Assets/Prefabs/Puzzle Button.prefab using Guid(25085a9972ce84709af0ae056f5622ae) Importer(815301076,1909f56bfc062723c751e8b465ee728b)  -> (artifact id: '9743d5945ca106292ae1c19572f9258d') in 0.009907 seconds 
========================================================================
Received Import Request.
  Time since last request: 14.446119 seconds.
  path: Assets/Resources/Sprites/spelikon.png
  artifactKey: Guid(b854a437387fc4801b20ae24c75576b0) Importer(815301076,1909f56bfc062723c751e8b465ee728b)
Start importing Assets/Resources/Sprites/spelikon.png using Guid(b854a437387fc4801b20ae24c75576b0) Importer(815301076,1909f56bfc062723c751e8b465ee728b)  -> (artifact id: '1d7b10c509e73ba917620ba7001acdc8') in 0.104244 seconds 
========================================================================
Received Import Request.
  Time since last request: 10.454392 seconds.
  path: Assets/Resources/Sprites/CARDSV2/CARDS_0001_PRIDE-PIP.png
  artifactKey: Guid(b89a7573460974d1db6a242e47406702) Importer(815301076,1909f56bfc062723c751e8b465ee728b)
Start importing Assets/Resources/Sprites/CARDSV2/CARDS_0001_PRIDE-PIP.png using Guid(b89a7573460974d1db6a242e47406702) Importer(815301076,1909f56bfc062723c751e8b465ee728b)  -> (artifact id: '095e93d63bbd4d23f1e2b974fbcad953') in 0.063639 seconds 
========================================================================
Received Import Request.
  Time since last request: 0.000015 seconds.
  path: Assets/Resources/Sprites/CARDSV2/CARDS_0009_GRAMOPHONE.png
  artifactKey: Guid(9c680d82c29194f13a229e1bb6ce8807) Importer(815301076,1909f56bfc062723c751e8b465ee728b)
Start importing Assets/Resources/Sprites/CARDSV2/CARDS_0009_GRAMOPHONE.png using Guid(9c680d82c29194f13a229e1bb6ce8807) Importer(815301076,1909f56bfc062723c751e8b465ee728b)  -> (artifact id: 'a968b2e4334219964c2ed9595de10a6e') in 0.045690 seconds 
========================================================================
Received Import Request.
  Time since last request: 0.000020 seconds.
  path: Assets/Resources/Sprites/CARDSV2/CARDS_0031_BOOK.png
  artifactKey: Guid(e1d59952567334be3ae09a094bf525b6) Importer(815301076,1909f56bfc062723c751e8b465ee728b)
Start importing Assets/Resources/Sprites/CARDSV2/CARDS_0031_BOOK.png using Guid(e1d59952567334be3ae09a094bf525b6) Importer(815301076,1909f56bfc062723c751e8b465ee728b)  -> (artifact id: '62c83ad4747d361a31a0685f60bf4f4f') in 0.046269 seconds 
========================================================================
Received Import Request.
  Time since last request: 0.000022 seconds.
  path: Assets/Resources/Sprites/CARDSV2/CARDS_0035_CHEST.png
  artifactKey: Guid(2be988b0c43384cadb856888c9364d6f) Importer(815301076,1909f56bfc062723c751e8b465ee728b)
Start importing Assets/Resources/Sprites/CARDSV2/CARDS_0035_CHEST.png using Guid(2be988b0c43384cadb856888c9364d6f) Importer(815301076,1909f56bfc062723c751e8b465ee728b)  -> (artifact id: 'e7dc06397e20a21a67cbf97376b88a04') in 0.052774 seconds 
========================================================================
Received Import Request.
  Time since last request: 0.000037 seconds.
  path: Assets/Resources/Sprites/CARDSV2/CARDS_0004_CHILDREN.png
  artifactKey: Guid(58adf16c6fbb847eb9bdc1f797912d9e) Importer(815301076,1909f56bfc062723c751e8b465ee728b)
Start importing Assets/Resources/Sprites/CARDSV2/CARDS_0004_CHILDREN.png using Guid(58adf16c6fbb847eb9bdc1f797912d9e) Importer(815301076,1909f56bfc062723c751e8b465ee728b)  -> (artifact id: '7c0830cbc44275ce701b4e880af366f8') in 0.046033 seconds 
========================================================================
Received Import Request.
  Time since last request: 0.000016 seconds.
  path: Assets/Resources/Sprites/CARDSV2/CARDS_0029_SPACESHIP.png
  artifactKey: Guid(822eaa74c31854dd881c72487e13075b) Importer(815301076,1909f56bfc062723c751e8b465ee728b)
Start importing Assets/Resources/Sprites/CARDSV2/CARDS_0029_SPACESHIP.png using Guid(822eaa74c31854dd881c72487e13075b) Importer(815301076,1909f56bfc062723c751e8b465ee728b)  -> (artifact id: '818cc5aa78489ce0c9b1e8e6f302e181') in 0.047444 seconds 
========================================================================
Received Import Request.
  Time since last request: 0.000015 seconds.
  path: Assets/Resources/Sprites/CARDSV2/CARDS_0016_BACKPACK.png
  artifactKey: Guid(b1cd0a38497b24b5baa3a51984ea3b66) Importer(815301076,1909f56bfc062723c751e8b465ee728b)
Start importing Assets/Resources/Sprites/CARDSV2/CARDS_0016_BACKPACK.png using Guid(b1cd0a38497b24b5baa3a51984ea3b66) Importer(815301076,1909f56bfc062723c751e8b465ee728b)  -> (artifact id: 'bd586b3fdd524843298e5f052d1d91d4') in 0.054955 seconds 
========================================================================
Received Import Request.
  Time since last request: 0.000016 seconds.
  path: Assets/Resources/Sprites/CARDSV2/CARDS_0025_CHRISTTMAS-GIFTS.png
  artifactKey: Guid(de8f8c38e31904c88bc66db56a1355f3) Importer(815301076,1909f56bfc062723c751e8b465ee728b)
Start importing Assets/Resources/Sprites/CARDSV2/CARDS_0025_CHRISTTMAS-GIFTS.png using Guid(de8f8c38e31904c88bc66db56a1355f3) Importer(815301076,1909f56bfc062723c751e8b465ee728b)  -> (artifact id: 'a9890157d72c014621e9b3ded900bb75') in 0.048311 seconds 
========================================================================
Received Import Request.
  Time since last request: 0.000017 seconds.
  path: Assets/Resources/Sprites/CARDSV2/CARDS_0020_FLOWER-IN-POT.png
  artifactKey: Guid(5f130998dac2c4f139681e6ea9084838) Importer(815301076,1909f56bfc062723c751e8b465ee728b)
Start importing Assets/Resources/Sprites/CARDSV2/CARDS_0020_FLOWER-IN-POT.png using Guid(5f130998dac2c4f139681e6ea9084838) Importer(815301076,1909f56bfc062723c751e8b465ee728b)  -> (artifact id: '63f152bc38d61f2125da05b13ac9439e') in 0.057482 seconds 
========================================================================
Received Import Request.
  Time since last request: 0.000024 seconds.
  path: Assets/Resources/Sprites/CARDSV2/CARDS_0015_SAXOPHONE.png
  artifactKey: Guid(dbd984c9862ed4535ba717a000f51205) Importer(815301076,1909f56bfc062723c751e8b465ee728b)
Start importing Assets/Resources/Sprites/CARDSV2/CARDS_0015_SAXOPHONE.png using Guid(dbd984c9862ed4535ba717a000f51205) Importer(815301076,1909f56bfc062723c751e8b465ee728b)  -> (artifact id: 'd1e69479250ce52218e8628221511b06') in 0.048424 seconds 
========================================================================
Received Import Request.
  Time since last request: 0.000035 seconds.
  path: Assets/Resources/Sprites/CARDSV2/CARDS_0018_CABINETTE.png
  artifactKey: Guid(075e76f1e3e964f6f8c7454d48642122) Importer(815301076,1909f56bfc062723c751e8b465ee728b)
Start importing Assets/Resources/Sprites/CARDSV2/CARDS_0018_CABINETTE.png using Guid(075e76f1e3e964f6f8c7454d48642122) Importer(815301076,1909f56bfc062723c751e8b465ee728b)  -> (artifact id: '650f401b658654a88032af3cd2c672d3') in 0.054440 seconds 
========================================================================
Received Import Request.
  Time since last request: 0.000017 seconds.
  path: Assets/Resources/Sprites/CARDSV2/CARDS_0038_SCHOOL.png
  artifactKey: Guid(fff42c626f33640ff949d6a60ef18044) Importer(815301076,1909f56bfc062723c751e8b465ee728b)
Start importing Assets/Resources/Sprites/CARDSV2/CARDS_0038_SCHOOL.png using Guid(fff42c626f33640ff949d6a60ef18044) Importer(815301076,1909f56bfc062723c751e8b465ee728b)  -> (artifact id: '0ef6122bcd6b28b62f4ca7b9df80713c') in 0.063539 seconds 
========================================================================
Received Import Request.
  Time since last request: 0.000018 seconds.
  path: Assets/Resources/Sprites/CARDSV2/CARDS_0042_NADINE.png
  artifactKey: Guid(3cc993be0a42a48159831dcd41b098b6) Importer(815301076,1909f56bfc062723c751e8b465ee728b)
Start importing Assets/Resources/Sprites/CARDSV2/CARDS_0042_NADINE.png using Guid(3cc993be0a42a48159831dcd41b098b6) Importer(815301076,1909f56bfc062723c751e8b465ee728b)  -> (artifact id: '44dbd60de4f878f905b22bd3b1ee9d25') in 0.042773 seconds 
========================================================================
Received Import Request.
  Time since last request: 0.000017 seconds.
  path: Assets/Resources/Sprites/CARDSV2/CARDS_0023_TRAVELLER.png
  artifactKey: Guid(94742a0285a6649be9a54b20e2705fcd) Importer(815301076,1909f56bfc062723c751e8b465ee728b)
Start importing Assets/Resources/Sprites/CARDSV2/CARDS_0023_TRAVELLER.png using Guid(94742a0285a6649be9a54b20e2705fcd) Importer(815301076,1909f56bfc062723c751e8b465ee728b)  -> (artifact id: 'eff93c2a910c064bde8b38fa52f29264') in 0.046868 seconds 
========================================================================
Received Import Request.
  Time since last request: 0.000021 seconds.
  path: Assets/Resources/Sprites/CARDSV2/CARDS_0014_CIRKUS-TENT.png
  artifactKey: Guid(c278d2d8cb4764c35a308539191a3e45) Importer(815301076,1909f56bfc062723c751e8b465ee728b)
Start importing Assets/Resources/Sprites/CARDSV2/CARDS_0014_CIRKUS-TENT.png using Guid(c278d2d8cb4764c35a308539191a3e45) Importer(815301076,1909f56bfc062723c751e8b465ee728b)  -> (artifact id: '98daf33fb93876dd6da2554da26aa6f9') in 0.056013 seconds 
========================================================================
Received Import Request.
  Time since last request: 0.000016 seconds.
  path: Assets/Resources/Sprites/CARDSV2/CARDS_0026_ALLAN.png
  artifactKey: Guid(99e8389c41b884789ac7d6fe39bf6fdd) Importer(815301076,1909f56bfc062723c751e8b465ee728b)
Start importing Assets/Resources/Sprites/CARDSV2/CARDS_0026_ALLAN.png using Guid(99e8389c41b884789ac7d6fe39bf6fdd) Importer(815301076,1909f56bfc062723c751e8b465ee728b)  -> (artifact id: '1457b32b666b892819adb1810973f3d5') in 0.055098 seconds 
========================================================================
Received Import Request.
  Time since last request: 0.000014 seconds.
  path: Assets/Resources/Sprites/CARDSV2/CARDS_0008_RADIO.png
  artifactKey: Guid(8044fffd2dc9c4248bf318dd84582699) Importer(815301076,1909f56bfc062723c751e8b465ee728b)
Start importing Assets/Resources/Sprites/CARDSV2/CARDS_0008_RADIO.png using Guid(8044fffd2dc9c4248bf318dd84582699) Importer(815301076,1909f56bfc062723c751e8b465ee728b)  -> (artifact id: '7a1792bf5d18d4d3574c14edd457312f') in 0.047815 seconds 
========================================================================
Received Import Request.
  Time since last request: 0.000017 seconds.
  path: Assets/Resources/Sprites/CARDSV2/CARDS_0043_TYRA.png
  artifactKey: Guid(26d4ad43956194fe4971b3ddbe0905b6) Importer(815301076,1909f56bfc062723c751e8b465ee728b)
Start importing Assets/Resources/Sprites/CARDSV2/CARDS_0043_TYRA.png using Guid(26d4ad43956194fe4971b3ddbe0905b6) Importer(815301076,1909f56bfc062723c751e8b465ee728b)  -> (artifact id: 'fb1e7dfbdecc929beaa27a8238c8f6b4') in 0.046687 seconds 
========================================================================
Received Import Request.
  Time since last request: 0.000026 seconds.
  path: Assets/Resources/Sprites/CARDSV2/CARDS_0011_BEACHBOY.png
  artifactKey: Guid(0332dfc284d81481f86e9c042f3451d8) Importer(815301076,1909f56bfc062723c751e8b465ee728b)
Start importing Assets/Resources/Sprites/CARDSV2/CARDS_0011_BEACHBOY.png using Guid(0332dfc284d81481f86e9c042f3451d8) Importer(815301076,1909f56bfc062723c751e8b465ee728b)  -> (artifact id: 'cd97b6f4ba16190f41c346a0d30c6eb8') in 0.050822 seconds 
========================================================================
Received Import Request.
  Time since last request: 0.000028 seconds.
  path: Assets/Resources/Sprites/CARDSV2/CARDS_0040_SMALL-STORE.png
  artifactKey: Guid(2e1c2151ca5d7424fa3679e1211495e1) Importer(815301076,1909f56bfc062723c751e8b465ee728b)
Start importing Assets/Resources/Sprites/CARDSV2/CARDS_0040_SMALL-STORE.png using Guid(2e1c2151ca5d7424fa3679e1211495e1) Importer(815301076,1909f56bfc062723c751e8b465ee728b)  -> (artifact id: '2bff613575f9d9351f3f8ea45a15549b') in 0.069869 seconds 
========================================================================
Received Import Request.
  Time since last request: 0.000015 seconds.
  path: Assets/Resources/Sprites/CARDSV2/CARDS_0036_CHARLIE.png
  artifactKey: Guid(b14c1cd45fcb1442cb439e9e02f9918e) Importer(815301076,1909f56bfc062723c751e8b465ee728b)
Start importing Assets/Resources/Sprites/CARDSV2/CARDS_0036_CHARLIE.png using Guid(b14c1cd45fcb1442cb439e9e02f9918e) Importer(815301076,1909f56bfc062723c751e8b465ee728b)  -> (artifact id: '8f641cb1b156f1b01d00bc136200f824') in 0.054139 seconds 
========================================================================
Received Import Request.
  Time since last request: 0.000017 seconds.
  path: Assets/Resources/Sprites/CARDSV2/CARDS_0041_AIR-SHIIP.png
  artifactKey: Guid(42d5eb87a4ad9499dba3f2237bce256f) Importer(815301076,1909f56bfc062723c751e8b465ee728b)
Start importing Assets/Resources/Sprites/CARDSV2/CARDS_0041_AIR-SHIIP.png using Guid(42d5eb87a4ad9499dba3f2237bce256f) Importer(815301076,1909f56bfc062723c751e8b465ee728b)  -> (artifact id: '3f7789bdf302d5649fd197c05d0e0c68') in 0.052117 seconds 
Editor requested this worker to shutdown with reason: Scaling down because of idle timeout
AssetImportWorker is now disconnected from the server
Process exiting
Exiting without the bug reporter. Application will terminate with return code 0