Using pre-set license

 COMMAND LINE ARGUMENTS:
/Applications/Unity/Hub/Editor/2020.2.3f1/Unity.app/Contents/MacOS/Unity
-adb2
-batchMode
-noUpm
-name
AssetImportWorker0
-projectPath
/Users/kallecarmback/Documents/GAMES/UNITY PROJECTS/I-EN-STAD-MEMORYv2
-logFile
Logs/AssetImportWorker0.log
-srvPort
58752
Successfully changed project path to: /Users/kallecarmback/Documents/GAMES/UNITY PROJECTS/I-EN-STAD-MEMORYv2
/Users/kallecarmback/Documents/GAMES/UNITY PROJECTS/I-EN-STAD-MEMORYv2
Using Asset Import Pipeline V2.
Refreshing native plugins compatible for Editor in 43.40 ms, found 2 plugins.
Preloading 0 native plugins for Editor in 0.00 ms.
Initialize engine version: 2020.2.3f1 (8ff31bc5bf5b)
[Subsystems] Discovering subsystems at path /Applications/Unity/Hub/Editor/2020.2.3f1/Unity.app/Contents/Resources/UnitySubsystems
[Subsystems] Discovering subsystems at path /Users/kallecarmback/Documents/GAMES/UNITY PROJECTS/I-EN-STAD-MEMORYv2/Assets
GfxDevice: creating device client; threaded=0
2021-08-18 22:38:53.882 Unity[59451:3601729] Color LCD preferred device: AMD Radeon Pro 560X (high power)
2021-08-18 22:38:53.882 Unity[59451:3601729] Metal devices available: 2
2021-08-18 22:38:53.882 Unity[59451:3601729] 0: AMD Radeon Pro 560X (high power)
2021-08-18 22:38:53.882 Unity[59451:3601729] 1: Intel(R) UHD Graphics 630 (low power)
2021-08-18 22:38:53.882 Unity[59451:3601729] Using device AMD Radeon Pro 560X (high power)
Initializing Metal device caps: AMD Radeon Pro 560X
Initialize mono
Mono path[0] = '/Applications/Unity/Hub/Editor/2020.2.3f1/Unity.app/Contents/Managed'
Mono path[1] = '/Applications/Unity/Hub/Editor/2020.2.3f1/Unity.app/Contents/MonoBleedingEdge/lib/mono/unityjit'
Mono config path = '/Applications/Unity/Hub/Editor/2020.2.3f1/Unity.app/Contents/MonoBleedingEdge/etc'
Using monoOptions --debugger-agent=transport=dt_socket,embedding=1,server=y,suspend=n,address=127.0.0.1:56451
Begin MonoManager ReloadAssembly
Registering precompiled unity dll's ...
Register platform support module: /Applications/Unity/Hub/Editor/2020.2.3f1/Unity.app/Contents/PlaybackEngines/MacStandaloneSupport/UnityEditor.OSXStandalone.Extensions.dll
Register platform support module: /Applications/Unity/Hub/Editor/2020.2.3f1/PlaybackEngines/WindowsStandaloneSupport/UnityEditor.WindowsStandalone.Extensions.dll
Registered in 0.002417 seconds.
Native extension for WindowsStandalone target not found
Native extension for OSXStandalone target not found
Refreshing native plugins compatible for Editor in 40.00 ms, found 2 plugins.
Preloading 0 native plugins for Editor in 0.00 ms.
Invoked RoslynAnalysisRunner static constructor.
RoslynAnalysisRunner will not be running.
RoslynAnalysisRunner has terminated.
Mono: successfully reloaded assembly
- Completed reload, in  2.428 seconds
Platform modules already initialized, skipping
Registering precompiled user dll's ...
Registered in 0.001184 seconds.
Begin MonoManager ReloadAssembly
Native extension for WindowsStandalone target not found
Native extension for OSXStandalone target not found
Refreshing native plugins compatible for Editor in 37.91 ms, found 2 plugins.
Preloading 0 native plugins for Editor in 0.00 ms.
Invoked RoslynAnalysisRunner static constructor.
RoslynAnalysisRunner will not be running.
RoslynAnalysisRunner has terminated.
Mono: successfully reloaded assembly
- Completed reload, in  1.044 seconds
Platform modules already initialized, skipping
========================================================================
Worker process is ready to serve import requests
Launching external process: /Applications/Unity/Hub/Editor/2020.2.3f1/Unity.app/Contents/Tools/UnityShaderCompiler
Launched and connected shader compiler UnityShaderCompiler after 0.01 seconds
Refreshing native plugins compatible for Editor in 0.34 ms, found 2 plugins.
Preloading 0 native plugins for Editor in 0.00 ms.
Unloading 1799 Unused Serialized files (Serialized files now loaded: 0)
System memory in use before: 147.1 MB.
System memory in use after: 147.2 MB.

Unloading 19 unused Assets to reduce memory usage. Loaded Objects now: 2246.
Total: 2.234726 ms (FindLiveObjects: 0.220354 ms CreateObjectMapping: 0.068826 ms MarkObjects: 1.878951 ms  DeleteObjects: 0.065731 ms)

========================================================================
Received Import Request.
  path: Assets/Resources/Audio/Music/Kurragömma.mp3
  artifactKey: Guid(ad269ebd814bf4ee39c490ec09278eee) Importer(815301076,1909f56bfc062723c751e8b465ee728b)
Start importing Assets/Resources/Audio/Music/Kurragömma.mp3 using Guid(ad269ebd814bf4ee39c490ec09278eee) Importer(815301076,1909f56bfc062723c751e8b465ee728b)  -> (artifact id: '77eb701e7b87731cfb8cefdec31441d8') in 1.252294 seconds
  Import took 1.256061 seconds .

========================================================================
Received Import Request.
  Time since last request: 0.000215 seconds.
  path: Assets/Resources/Audio/Music/Mama mama.wav
  artifactKey: Guid(e0bd5db6abd7b4b45bc05c9a5e562e3e) Importer(815301076,1909f56bfc062723c751e8b465ee728b)
Start importing Assets/Resources/Audio/Music/Mama mama.wav using Guid(e0bd5db6abd7b4b45bc05c9a5e562e3e) Importer(815301076,1909f56bfc062723c751e8b465ee728b)  -> (artifact id: '2ed09d9b085c201bf26007a9ab2e39a2') in 1.104299 seconds
  Import took 1.108464 seconds .

========================================================================
Received Import Request.
  Time since last request: 0.000209 seconds.
  path: Assets/Resources/Audio/Music/Drömmar.wav
  artifactKey: Guid(2184ff5cf6d6e42f58137d4496013908) Importer(815301076,1909f56bfc062723c751e8b465ee728b)
Start importing Assets/Resources/Audio/Music/Drömmar.wav using Guid(2184ff5cf6d6e42f58137d4496013908) Importer(815301076,1909f56bfc062723c751e8b465ee728b)  -> (artifact id: '2ca73e0fa46289c7fbe0bd0212faac4a') in 0.007669 seconds
  Import took 0.011297 seconds .

========================================================================
Received Import Request.
  Time since last request: 0.000206 seconds.
  path: Assets/Resources/Audio/Music/Min bästa dag.mp3
  artifactKey: Guid(9cb5a98964d8a45a79a2b20b3fb3c664) Importer(815301076,1909f56bfc062723c751e8b465ee728b)
Start importing Assets/Resources/Audio/Music/Min bästa dag.mp3 using Guid(9cb5a98964d8a45a79a2b20b3fb3c664) Importer(815301076,1909f56bfc062723c751e8b465ee728b)  -> (artifact id: '3335f58814af429313172b88c78e116c') in 0.011393 seconds
  Import took 0.015271 seconds .

========================================================================
Received Import Request.
  Time since last request: 0.000207 seconds.
  path: Assets/Resources/Audio/Music/Vad gör man då.wav
  artifactKey: Guid(b1e74bb0479664867a68a30c437ea0d5) Importer(815301076,1909f56bfc062723c751e8b465ee728b)
Start importing Assets/Resources/Audio/Music/Vad gör man då.wav using Guid(b1e74bb0479664867a68a30c437ea0d5) Importer(815301076,1909f56bfc062723c751e8b465ee728b)  -> (artifact id: '56e5ee503b30fb0eefb5982cc6eee938') in 0.011494 seconds
  Import took 0.015237 seconds .

========================================================================
Received Import Request.
  Time since last request: 0.000187 seconds.
  path: Assets/Resources/Audio/Music/Raka vägen.wav
  artifactKey: Guid(cd322aef20d4c4cdda1fbae96daf7ded) Importer(815301076,1909f56bfc062723c751e8b465ee728b)
Start importing Assets/Resources/Audio/Music/Raka vägen.wav using Guid(cd322aef20d4c4cdda1fbae96daf7ded) Importer(815301076,1909f56bfc062723c751e8b465ee728b)  -> (artifact id: '5d507eadd7e3ac9e5e895dce8ab5d77a') in 0.009171 seconds
  Import took 0.012832 seconds .

========================================================================
Received Import Request.
  Time since last request: 0.000202 seconds.
  path: Assets/Resources/Audio/Music/Tandfen.mp3
  artifactKey: Guid(9532f9bf283d146728e73ab7d3f5c270) Importer(815301076,1909f56bfc062723c751e8b465ee728b)
Start importing Assets/Resources/Audio/Music/Tandfen.mp3 using Guid(9532f9bf283d146728e73ab7d3f5c270) Importer(815301076,1909f56bfc062723c751e8b465ee728b)  -> (artifact id: 'afc35a8d621c6e4ed957b47b83fc27a8') in 0.008424 seconds
  Import took 0.011901 seconds .

========================================================================
Received Import Request.
  Time since last request: 0.000258 seconds.
  path: Assets/Resources/Audio/Music/Tandfen Jazz.mp3
  artifactKey: Guid(eee7ca734f2174919a6865e5492b89d8) Importer(815301076,1909f56bfc062723c751e8b465ee728b)
Start importing Assets/Resources/Audio/Music/Tandfen Jazz.mp3 using Guid(eee7ca734f2174919a6865e5492b89d8) Importer(815301076,1909f56bfc062723c751e8b465ee728b)  -> (artifact id: '7ee3570f6bb04a2334f8b529f3320359') in 0.007590 seconds
  Import took 0.013876 seconds .

========================================================================
Received Import Request.
  Time since last request: 0.000208 seconds.
  path: Assets/Resources/Audio/Music/Villes gård.wav
  artifactKey: Guid(6d12e99e375e84a35a38059fb4548b2a) Importer(815301076,1909f56bfc062723c751e8b465ee728b)
Start importing Assets/Resources/Audio/Music/Villes gård.wav using Guid(6d12e99e375e84a35a38059fb4548b2a) Importer(815301076,1909f56bfc062723c751e8b465ee728b)  -> (artifact id: '413051e31a42668133c098a07d11ae3b') in 0.009643 seconds
  Import took 0.013905 seconds .

========================================================================
Received Import Request.
  Time since last request: 0.000227 seconds.
  path: Assets/Resources/Audio/Music/Förälskelse.wav
  artifactKey: Guid(3a6ea9670f4054af3a9b228e5cc6b451) Importer(815301076,1909f56bfc062723c751e8b465ee728b)
Start importing Assets/Resources/Audio/Music/Förälskelse.wav using Guid(3a6ea9670f4054af3a9b228e5cc6b451) Importer(815301076,1909f56bfc062723c751e8b465ee728b)  -> (artifact id: '9b8b7d47e9402c63326fad7972549867') in 0.008240 seconds
  Import took 0.012045 seconds .

========================================================================
Received Import Request.
  Time since last request: 0.000229 seconds.
  path: Assets/Resources/Audio/Music/Vad gör man då groovy.wav
  artifactKey: Guid(adbceaaaeaf5546319c25009d43626fd) Importer(815301076,1909f56bfc062723c751e8b465ee728b)
Start importing Assets/Resources/Audio/Music/Vad gör man då groovy.wav using Guid(adbceaaaeaf5546319c25009d43626fd) Importer(815301076,1909f56bfc062723c751e8b465ee728b)  -> (artifact id: '561842d493d4786da40aca7ea6c9126c') in 0.009422 seconds
  Import took 0.012683 seconds .

========================================================================
Received Import Request.
  Time since last request: 0.000197 seconds.
  path: Assets/Resources/Audio/Music/Tandfen Jazz.mp3
  artifactKey: Guid(eee7ca734f2174919a6865e5492b89d8) Importer(815301076,1909f56bfc062723c751e8b465ee728b)
Start importing Assets/Resources/Audio/Music/Tandfen Jazz.mp3 using Guid(eee7ca734f2174919a6865e5492b89d8) Importer(815301076,1909f56bfc062723c751e8b465ee728b)  -> (artifact id: '7ee3570f6bb04a2334f8b529f3320359') in 0.007488 seconds
  Import took 0.010436 seconds .

========================================================================
Received Import Request.
  Time since last request: 0.000236 seconds.
  path: Assets/Resources/Audio/Music/Värsta skottet.mp3
  artifactKey: Guid(53eb48f4e5740469a9c8cec6635a5a99) Importer(815301076,1909f56bfc062723c751e8b465ee728b)
Start importing Assets/Resources/Audio/Music/Värsta skottet.mp3 using Guid(53eb48f4e5740469a9c8cec6635a5a99) Importer(815301076,1909f56bfc062723c751e8b465ee728b)  -> (artifact id: 'd0959ea9e03ac213ac39b6593f8529c6') in 0.008868 seconds
  Import took 0.013289 seconds .

